May 16, 2025 11:51:54 AM client.GraphClient run
INFO: Batch 1 operations:
May 16, 2025 11:51:54 AM client.GraphClient run
INFO:   Q 1 3
May 16, 2025 11:51:54 AM client.GraphClient run
INFO:   Q 1 2
May 16, 2025 11:51:54 AM client.GraphClient run
INFO:   Q 2 1
May 16, 2025 11:51:54 AM client.GraphClient run
INFO:   A 2 4
May 16, 2025 11:51:54 AM client.GraphClient run
INFO:   A 4 3
May 16, 2025 11:51:54 AM client.GraphClient run
INFO: Batch 1 processed in 18ms
May 16, 2025 11:51:54 AM client.GraphClient run
INFO: Results for batch 1:
May 16, 2025 11:51:54 AM client.GraphClient run
INFO:   Query 1: 2
May 16, 2025 11:51:54 AM client.GraphClient run
INFO:   Query 2: 1
May 16, 2025 11:51:54 AM client.GraphClient run
INFO:   Query 3: 2
May 16, 2025 11:51:57 AM client.GraphClient run
INFO: Batch 2 operations:
May 16, 2025 11:51:57 AM client.GraphClient run
INFO:   Q 1 4
May 16, 2025 11:51:57 AM client.GraphClient run
INFO:   Q 4 3
May 16, 2025 11:51:57 AM client.GraphClient run
INFO:   D 2 3
May 16, 2025 11:51:57 AM client.GraphClient run
INFO:   Q 2 2
May 16, 2025 11:51:57 AM client.GraphClient run
INFO:   D 2 4
May 16, 2025 11:51:57 AM client.GraphClient run
INFO: Batch 2 processed in 10ms
May 16, 2025 11:51:57 AM client.GraphClient run
INFO: Results for batch 2:
May 16, 2025 11:51:57 AM client.GraphClient run
INFO:   Query 1: 2
May 16, 2025 11:51:57 AM client.GraphClient run
INFO:   Query 2: 1
May 16, 2025 11:51:57 AM client.GraphClient run
INFO:   Query 3: 0
May 16, 2025 11:52:05 AM client.GraphClient run
INFO: Batch 3 operations:
May 16, 2025 11:52:05 AM client.GraphClient run
INFO:   Q 3 2
May 16, 2025 11:52:05 AM client.GraphClient run
INFO:   D 2 2
May 16, 2025 11:52:05 AM client.GraphClient run
INFO:   Q 4 3
May 16, 2025 11:52:05 AM client.GraphClient run
INFO:   Q 1 2
May 16, 2025 11:52:05 AM client.GraphClient run
INFO:   D 2 1
May 16, 2025 11:52:05 AM client.GraphClient run
INFO: Batch 3 processed in 11ms
May 16, 2025 11:52:05 AM client.GraphClient run
INFO: Results for batch 3:
May 16, 2025 11:52:05 AM client.GraphClient run
INFO:   Query 1: 2
May 16, 2025 11:52:05 AM client.GraphClient run
INFO:   Query 2: 1
May 16, 2025 11:52:05 AM client.GraphClient run
INFO:   Query 3: 1
May 16, 2025 11:52:14 AM client.GraphClient run
INFO: Batch 4 operations:
May 16, 2025 11:52:14 AM client.GraphClient run
INFO:   Q 4 3
May 16, 2025 11:52:14 AM client.GraphClient run
INFO:   Q 3 3
May 16, 2025 11:52:14 AM client.GraphClient run
INFO:   Q 1 4
May 16, 2025 11:52:14 AM client.GraphClient run
INFO:   Q 2 1
May 16, 2025 11:52:14 AM client.GraphClient run
INFO:   Q 2 1
May 16, 2025 11:52:14 AM client.GraphClient run
INFO: Batch 4 processed in 10ms
May 16, 2025 11:52:14 AM client.GraphClient run
INFO: Results for batch 4:
May 16, 2025 11:52:14 AM client.GraphClient run
INFO:   Query 1: 1
May 16, 2025 11:52:14 AM client.GraphClient run
INFO:   Query 2: 0
May 16, 2025 11:52:14 AM client.GraphClient run
INFO:   Query 3: -1
May 16, 2025 11:52:14 AM client.GraphClient run
INFO:   Query 4: -1
May 16, 2025 11:52:14 AM client.GraphClient run
INFO:   Query 5: -1
May 16, 2025 11:52:23 AM client.GraphClient run
INFO: Batch 5 operations:
May 16, 2025 11:52:23 AM client.GraphClient run
INFO:   Q 1 1
May 16, 2025 11:52:23 AM client.GraphClient run
INFO:   Q 1 4
May 16, 2025 11:52:23 AM client.GraphClient run
INFO:   D 4 1
May 16, 2025 11:52:23 AM client.GraphClient run
INFO:   Q 1 3
May 16, 2025 11:52:23 AM client.GraphClient run
INFO:   Q 2 2
May 16, 2025 11:52:23 AM client.GraphClient run
INFO: Batch 5 processed in 7ms
May 16, 2025 11:52:23 AM client.GraphClient run
INFO: Results for batch 5:
May 16, 2025 11:52:23 AM client.GraphClient run
INFO:   Query 1: 0
May 16, 2025 11:52:23 AM client.GraphClient run
INFO:   Query 2: -1
May 16, 2025 11:52:23 AM client.GraphClient run
INFO:   Query 3: -1
May 16, 2025 11:52:23 AM client.GraphClient run
INFO:   Query 4: 0
